<?xml version="1.0" encoding="UTF-8"?>
<!-- Generated by org.testng.reporters.JUnitReportReporter -->
<testsuite skipped="0" hostname="LIN51005775" name="testNG_SamplePackage_1.TestNgClass2" tests="13" failures="0" timestamp="31 May 2019 17:25:53 GMT" time="0.087" errors="0">
  <testcase name="timeOutTest" time="0.007" classname="testNG_SamplePackage_1.TestNgClass2"/>
  <testcase name="invocationCountTest" time="0.010" classname="testNG_SamplePackage_1.TestNgClass2"/>
  <testcase name="invocationCountTest" time="0.006" classname="testNG_SamplePackage_1.TestNgClass2"/>
  <testcase name="testCase2" time="0.001" classname="testNG_SamplePackage_1.TestNgClass2"/>
  <testcase name="invocationCountTest" time="0.006" classname="testNG_SamplePackage_1.TestNgClass2"/>
  <testcase name="invocationCountTest" time="0.010" classname="testNG_SamplePackage_1.TestNgClass2"/>
  <testcase name="testCase1" time="0.002" classname="testNG_SamplePackage_1.TestNgClass2"/>
  <testcase name="invocationCountTest" time="0.004" classname="testNG_SamplePackage_1.TestNgClass2"/>
  <testcase name="invocationCountTest" time="0.002" classname="testNG_SamplePackage_1.TestNgClass2"/>
  <testcase name="invocationCountTest" time="0.009" classname="testNG_SamplePackage_1.TestNgClass2"/>
  <testcase name="invocationCountTest" time="0.019" classname="testNG_SamplePackage_1.TestNgClass2"/>
  <testcase name="invocationCountTest" time="0.007" classname="testNG_SamplePackage_1.TestNgClass2"/>
  <testcase name="invocationCountTest" time="0.004" classname="testNG_SamplePackage_1.TestNgClass2"/>
</testsuite> <!-- testNG_SamplePackage_1.TestNgClass2 -->
