<?xml version="1.0" encoding="UTF-8"?>
<!-- Generated by org.testng.reporters.JUnitReportReporter -->
<testsuite skipped="0" hostname="LIN51005775" name="testNG_SamplePackage_2.Sample" tests="4" failures="0" timestamp="28 Aug 2019 17:54:24 GMT" time="0.023" errors="0">
  <testcase name="test44" time="0.002" classname="testNG_SamplePackage_2.Sample"/>
  <testcase name="test1" time="0.011" classname="testNG_SamplePackage_2.Sample"/>
  <testcase name="test3" time="0.005" classname="testNG_SamplePackage_2.Sample"/>
  <testcase name="test2" time="0.005" classname="testNG_SamplePackage_2.Sample"/>
</testsuite> <!-- testNG_SamplePackage_2.Sample -->
