<?xml version="1.0" encoding="UTF-8"?>
<!-- Generated by org.testng.reporters.JUnitReportReporter -->
<testsuite skipped="0" hostname="LIN51005775" name="testNG_SamplePackage.TestNgClass" tests="1" failures="0" timestamp="14 Jun 2019 13:05:51 GMT" time="0.010" errors="0">
  <testcase name="testCase" time="0.010" classname="testNG_SamplePackage.TestNgClass"/>
</testsuite> <!-- testNG_SamplePackage.TestNgClass -->
