<?xml version="1.0" encoding="UTF-8"?>
<!-- Generated by org.testng.reporters.JUnitReportReporter -->
<testsuite skipped="0" hostname="LIN51005775" name="testNG_SamplePackage_1.TestNgClass3" tests="1" failures="0" timestamp="31 May 2019 17:25:53 GMT" time="0.002" errors="0">
  <testcase name="testCase3" time="0.002" classname="testNG_SamplePackage_1.TestNgClass3"/>
</testsuite> <!-- testNG_SamplePackage_1.TestNgClass3 -->
