<?xml version="1.0" encoding="UTF-8"?>
<!-- Generated by org.testng.reporters.JUnitReportReporter -->
<testsuite skipped="0" hostname="LIN51005775" name="testNG_SamplePackage_2.TestClass1" tests="5" failures="0" timestamp="28 Aug 2019 19:57:18 GMT" time="0.061" errors="0">
  <testcase name="test3" time="0.029" classname="testNG_SamplePackage_2.TestClass1"/>
  <testcase name="unitLevel1" time="0.009" classname="testNG_SamplePackage_2.TestClass1"/>
  <testcase name="unitLevel2" time="0.008" classname="testNG_SamplePackage_2.TestClass1"/>
  <testcase name="test1" time="0.007" classname="testNG_SamplePackage_2.TestClass1"/>
  <testcase name="test2" time="0.008" classname="testNG_SamplePackage_2.TestClass1"/>
</testsuite> <!-- testNG_SamplePackage_2.TestClass1 -->
